<?xml version="1.0" encoding="UTF-8"?>
<!-- Generated by org.testng.reporters.JUnitXMLReporter -->
<testsuite ignored="0" hostname="DESKTOP-9DR66BC" failures="0" tests="4" name="Default test" time="126.176" errors="0" timestamp="2024-12-16T16:57:43 IST">
  <testcase classname="TestNG.RegionalRegressionTestExample" name="CreateCampaignTest" time="19.343"/>
  <testcase classname="TestNG.RegionalRegressionTestExample" name="CreateContactsTest" time="15.672"/>
  <testcase classname="TestNG.RegionalRegressionTestExample" name="CreateProductTest" time="18.973"/>
  <testcase classname="TestNG.RegionalRegressionTestExample" name="campaignWithProductTest" time="36.849"/>
</testsuite> <!-- Default test -->
