<?xml version="1.0" encoding="UTF-8"?>
<!-- Generated by org.testng.reporters.JUnitXMLReporter -->
<testsuite ignored="3" hostname="DESKTOP-9DR66BC" failures="1" tests="1" name="Test" time="0.16" errors="0" timestamp="2024-12-16T17:00:30 IST">
  <testcase classname="TestNG.RegionalRegressionTestExample" name="CreateCampaignTest" time="0.087">
    <failure type="java.lang.NullPointerException" message="Cannot invoke &amp;quot;org.openqa.selenium.SearchContext.findElement(org.openqa.selenium.By)&amp;quot; because &amp;quot;this.searchContext&amp;quot; is null">
      <![CDATA[java.lang.NullPointerException: Cannot invoke "org.openqa.selenium.SearchContext.findElement(org.openqa.selenium.By)" because "this.searchContext" is null
at org.openqa.selenium.support.pagefactory.DefaultElementLocator.findElement(DefaultElementLocator.java:68)
at org.openqa.selenium.support.pagefactory.internal.LocatingElementHandler.invoke(LocatingElementHandler.java:38)
at jdk.proxy2/jdk.proxy2.$Proxy19.click(Unknown Source)
at Object_Repo.VtigerHomePage.ClickMoreLink(VtigerHomePage.java:79)
at TestNG.RegionalRegressionTestExample.CreateCampaignTest(RegionalRegressionTestExample.java:83)
at java.base/java.util.ArrayList.forEach(ArrayList.java:1511)
... Removed 27 stack frames]]>
    </failure>
  </testcase> <!-- CreateCampaignTest -->
  <testcase classname="TestNG.RegionalRegressionTestExample" name="CreateProductTest" time="0.0">
    <ignored/>
  </testcase> <!-- CreateProductTest -->
  <testcase classname="TestNG.RegionalRegressionTestExample" name="CreateContactsTest" time="0.0">
    <ignored/>
  </testcase> <!-- CreateContactsTest -->
  <testcase classname="TestNG.RegionalRegressionTestExample" name="campaignWithProductTest" time="0.0">
    <ignored/>
  </testcase> <!-- campaignWithProductTest -->
</testsuite> <!-- Test -->
